<?xml version="1.0" encoding="UTF-8"?>
<!-- Generated by org.testng.reporters.JUnitReportReporter -->
<testsuite hostname="DESKTOP-A0KIA6F" failures="0" tests="1" name="testCases.addVegetablesToBasket" time="188.240" errors="0" timestamp="2021-07-15T10:36:44 BST" skipped="0">
  <testcase classname="testCases.addVegetablesToBasket" name="addVegetables" time="188.240"/>
  <system-out/>
</testsuite> <!-- testCases.addVegetablesToBasket -->
